<?xml version="1.0" encoding="UTF-8"?>
<coverage generated="1775846736925" clover="3.2.0">
  <project timestamp="1775846736925" name="All files">
    <metrics statements="130" coveredstatements="107" conditionals="75" coveredconditionals="56" methods="17" coveredmethods="13" elements="222" coveredelements="176" complexity="0" loc="130" ncloc="130" packages="2" files="2" classes="2"/>
    <package name="obsidiosaurus">
      <metrics statements="2" coveredstatements="2" conditionals="0" coveredconditionals="0" methods="1" coveredmethods="1"/>
      <file name="config.ts" path="/var/mnt/Linux_NVME/obsidiosaurus/config.ts">
        <metrics statements="2" coveredstatements="2" conditionals="0" coveredconditionals="0" methods="1" coveredmethods="1"/>
        <line num="5" count="1" type="stmt"/>
        <line num="6" count="12" type="stmt"/>
      </file>
    </package>
    <package name="obsidiosaurus.src">
      <metrics statements="128" coveredstatements="105" conditionals="75" coveredconditionals="56" methods="16" coveredmethods="12"/>
      <file name="markdownProcessor.ts" path="/var/mnt/Linux_NVME/obsidiosaurus/src/markdownProcessor.ts">
        <metrics statements="128" coveredstatements="105" conditionals="75" coveredconditionals="56" methods="16" coveredmethods="12"/>
        <line num="1" count="1" type="stmt"/>
        <line num="2" count="1" type="stmt"/>
        <line num="5" count="1" type="stmt"/>
        <line num="8" count="1" type="stmt"/>
        <line num="10" count="12" type="stmt"/>
        <line num="11" count="12" type="stmt"/>
        <line num="12" count="12" type="stmt"/>
        <line num="15" count="12" type="stmt"/>
        <line num="22" count="12" type="stmt"/>
        <line num="23" count="12" type="stmt"/>
        <line num="24" count="12" type="stmt"/>
        <line num="27" count="12" type="stmt"/>
        <line num="29" count="21" type="stmt"/>
        <line num="30" count="21" type="stmt"/>
        <line num="31" count="21" type="stmt"/>
        <line num="32" count="21" type="stmt"/>
        <line num="35" count="21" type="stmt"/>
        <line num="39" count="12" type="stmt"/>
        <line num="44" count="21" type="stmt"/>
        <line num="45" count="21" type="stmt"/>
        <line num="47" count="21" type="cond" truecount="2" falsecount="0"/>
        <line num="48" count="1" type="stmt"/>
        <line num="49" count="1" type="stmt"/>
        <line num="52" count="20" type="stmt"/>
        <line num="56" count="1" type="stmt"/>
        <line num="57" count="13" type="stmt"/>
        <line num="58" count="13" type="cond" truecount="1" falsecount="0"/>
        <line num="60" count="4" type="stmt"/>
        <line num="68" count="1" type="stmt"/>
        <line num="70" count="21" type="cond" truecount="3" falsecount="0"/>
        <line num="71" count="13" type="stmt"/>
        <line num="75" count="21" type="cond" truecount="2" falsecount="0"/>
        <line num="76" count="8" type="cond" truecount="2" falsecount="0"/>
        <line num="78" count="4" type="stmt"/>
        <line num="79" count="4" type="stmt"/>
        <line num="82" count="4" type="stmt"/>
        <line num="84" count="13" type="cond" truecount="1" falsecount="1"/>
        <line num="85" count="0" type="cond" truecount="0" falsecount="1"/>
        <line num="87" count="0" type="stmt"/>
        <line num="88" count="0" type="stmt"/>
        <line num="90" count="13" type="cond" truecount="1" falsecount="0"/>
        <line num="91" count="4" type="cond" truecount="1" falsecount="1"/>
        <line num="93" count="0" type="stmt"/>
        <line num="94" count="0" type="stmt"/>
        <line num="97" count="4" type="stmt"/>
        <line num="98" count="4" type="stmt"/>
        <line num="99" count="4" type="cond" truecount="1" falsecount="0"/>
        <line num="100" count="3" type="stmt"/>
        <line num="102" count="4" type="stmt"/>
        <line num="106" count="21" type="stmt"/>
        <line num="110" count="21" type="stmt"/>
        <line num="111" count="21" type="stmt"/>
        <line num="113" count="21" type="cond" truecount="1" falsecount="0"/>
        <line num="115" count="8" type="stmt"/>
        <line num="118" count="8" type="cond" truecount="2" falsecount="0"/>
        <line num="119" count="1" type="stmt"/>
        <line num="122" count="7" type="stmt"/>
        <line num="124" count="7" type="cond" truecount="0" falsecount="1"/>
        <line num="126" count="7" type="stmt"/>
        <line num="128" count="7" type="stmt"/>
        <line num="130" count="7" type="cond" truecount="0" falsecount="1"/>
        <line num="131" count="0" type="stmt"/>
        <line num="132" count="0" type="stmt"/>
        <line num="135" count="7" type="stmt"/>
        <line num="137" count="7" type="stmt"/>
        <line num="138" count="7" type="stmt"/>
        <line num="141" count="13" type="stmt"/>
        <line num="145" count="7" type="stmt"/>
        <line num="147" count="7" type="stmt"/>
        <line num="149" count="7" type="stmt"/>
        <line num="151" count="7" type="cond" truecount="1" falsecount="1"/>
        <line num="152" count="0" type="stmt"/>
        <line num="153" count="0" type="stmt"/>
        <line num="155" count="0" type="cond" truecount="0" falsecount="2"/>
        <line num="158" count="7" type="cond" truecount="1" falsecount="0"/>
        <line num="159" count="3" type="stmt"/>
        <line num="162" count="7" type="cond" truecount="0" falsecount="1"/>
        <line num="163" count="0" type="stmt"/>
        <line num="166" count="7" type="cond" truecount="1" falsecount="0"/>
        <line num="167" count="19" type="stmt"/>
        <line num="170" count="7" type="cond" truecount="1" falsecount="0"/>
        <line num="171" count="1" type="stmt"/>
        <line num="174" count="7" type="stmt"/>
        <line num="178" count="7" type="cond" truecount="2" falsecount="0"/>
        <line num="182" count="0" type="stmt"/>
        <line num="187" count="19" type="stmt"/>
        <line num="191" count="4" type="stmt"/>
        <line num="192" count="4" type="cond" truecount="1" falsecount="1"/>
        <line num="193" count="4" type="stmt"/>
        <line num="198" count="4" type="stmt"/>
        <line num="199" count="0" type="cond" truecount="0" falsecount="1"/>
        <line num="200" count="0" type="stmt"/>
        <line num="202" count="4" type="stmt"/>
        <line num="206" count="21" type="stmt"/>
        <line num="208" count="21" type="cond" truecount="3" falsecount="0"/>
        <line num="210" count="4" type="stmt"/>
        <line num="211" count="4" type="stmt"/>
        <line num="214" count="4" type="stmt"/>
        <line num="215" count="4" type="stmt"/>
        <line num="216" count="4" type="stmt"/>
        <line num="218" count="4" type="cond" truecount="5" falsecount="0"/>
        <line num="219" count="3" type="stmt"/>
        <line num="222" count="4" type="stmt"/>
        <line num="224" count="4" type="cond" truecount="1" falsecount="1"/>
        <line num="225" count="0" type="stmt"/>
        <line num="227" count="4" type="stmt"/>
        <line num="237" count="4" type="stmt"/>
        <line num="239" count="4" type="stmt"/>
        <line num="242" count="4" type="cond" truecount="1" falsecount="1"/>
        <line num="243" count="4" type="stmt"/>
        <line num="245" count="0" type="stmt"/>
        <line num="248" count="21" type="stmt"/>
        <line num="253" count="4" type="cond" truecount="2" falsecount="0"/>
        <line num="255" count="4" type="stmt"/>
        <line num="262" count="4" type="stmt"/>
        <line num="264" count="4" type="cond" truecount="1" falsecount="1"/>
        <line num="265" count="0" type="stmt"/>
        <line num="266" count="0" type="stmt"/>
        <line num="269" count="0" type="cond" truecount="0" falsecount="1"/>
        <line num="270" count="0" type="stmt"/>
        <line num="271" count="0" type="stmt"/>
        <line num="274" count="4" type="stmt"/>
        <line num="277" count="4" type="cond" truecount="3" falsecount="1"/>
        <line num="279" count="4" type="cond" truecount="3" falsecount="0"/>
        <line num="280" count="4" type="stmt"/>
        <line num="282" count="4" type="stmt"/>
        <line num="286" count="0" type="stmt"/>
        <line num="287" count="0" type="stmt"/>
      </file>
    </package>
  </project>
</coverage>
