{"/var/mnt/Linux_NVME/obsidiosaurus/config.ts": {"path":"/var/mnt/Linux_NVME/obsidiosaurus/config.ts","statementMap":{"0":{"start":{"line":5,"column":0},"end":{"line":5,"column":16}},"1":{"start":{"line":6,"column":2},"end":{"line":6,"column":20}}},"fnMap":{"0":{"name":"setSettings","decl":{"start":{"line":5,"column":16},"end":{"line":5,"column":27}},"loc":{"start":{"line":5,"column":44},"end":{"line":7,"column":1}}}},"branchMap":{},"s":{"0":1,"1":12},"f":{"0":12},"b":{}}
,"/var/mnt/Linux_NVME/obsidiosaurus/src/markdownProcessor.ts": {"path":"/var/mnt/Linux_NVME/obsidiosaurus/src/markdownProcessor.ts","statementMap":{"0":{"start":{"line":8,"column":0},"end":{"line":8,"column":15}},"1":{"start":{"line":1,"column":0},"end":{"line":1,"column":37}},"2":{"start":{"line":2,"column":0},"end":{"line":2,"column":32}},"3":{"start":{"line":5,"column":0},"end":{"line":5,"column":32}},"4":{"start":{"line":10,"column":25},"end":{"line":10,"column":46}},"5":{"start":{"line":11,"column":4},"end":{"line":11,"column":37}},"6":{"start":{"line":12,"column":4},"end":{"line":12,"column":28}},"7":{"start":{"line":15,"column":15},"end":{"line":19,"column":6}},"8":{"start":{"line":22,"column":29},"end":{"line":22,"column":31}},"9":{"start":{"line":23,"column":23},"end":{"line":23,"column":28}},"10":{"start":{"line":23,"column":40},"end":{"line":23,"column":45}},"11":{"start":{"line":24,"column":21},"end":{"line":24,"column":60}},"12":{"start":{"line":27,"column":4},"end":{"line":36,"column":5}},"13":{"start":{"line":29,"column":28},"end":{"line":29,"column":60}},"14":{"start":{"line":30,"column":8},"end":{"line":30,"column":84}},"15":{"start":{"line":31,"column":8},"end":{"line":31,"column":53}},"16":{"start":{"line":32,"column":8},"end":{"line":32,"column":129}},"17":{"start":{"line":35,"column":8},"end":{"line":35,"column":51}},"18":{"start":{"line":39,"column":4},"end":{"line":39,"column":30}},"19":{"start":{"line":44,"column":20},"end":{"line":44,"column":91}},"20":{"start":{"line":45,"column":18},"end":{"line":45,"column":37}},"21":{"start":{"line":47,"column":4},"end":{"line":53,"column":5}},"22":{"start":{"line":48,"column":24},"end":{"line":48,"column":42}},"23":{"start":{"line":49,"column":8},"end":{"line":49,"column":47}},"24":{"start":{"line":52,"column":8},"end":{"line":52,"column":20}},"25":{"start":{"line":56,"column":28},"end":{"line":65,"column":1}},"26":{"start":{"line":57,"column":18},"end":{"line":57,"column":65}},"27":{"start":{"line":58,"column":4},"end":{"line":58,"column":63}},"28":{"start":{"line":58,"column":16},"end":{"line":58,"column":63}},"29":{"start":{"line":60,"column":4},"end":{"line":64,"column":6}},"30":{"start":{"line":68,"column":26},"end":{"line":107,"column":1}},"31":{"start":{"line":70,"column":4},"end":{"line":72,"column":5}},"32":{"start":{"line":71,"column":8},"end":{"line":71,"column":47}},"33":{"start":{"line":75,"column":4},"end":{"line":104,"column":5}},"34":{"start":{"line":76,"column":8},"end":{"line":83,"column":9}},"35":{"start":{"line":78,"column":12},"end":{"line":78,"column":null}},"36":{"start":{"line":79,"column":12},"end":{"line":79,"column":null}},"37":{"start":{"line":82,"column":12},"end":{"line":82,"column":54}},"38":{"start":{"line":84,"column":11},"end":{"line":104,"column":5}},"39":{"start":{"line":85,"column":8},"end":{"line":89,"column":9}},"40":{"start":{"line":87,"column":12},"end":{"line":87,"column":55}},"41":{"start":{"line":88,"column":12},"end":{"line":88,"column":30}},"42":{"start":{"line":90,"column":11},"end":{"line":104,"column":5}},"43":{"start":{"line":91,"column":8},"end":{"line":103,"column":9}},"44":{"start":{"line":93,"column":12},"end":{"line":93,"column":22}},"45":{"start":{"line":94,"column":12},"end":{"line":94,"column":29}},"46":{"start":{"line":97,"column":12},"end":{"line":97,"column":34}},"47":{"start":{"line":98,"column":12},"end":{"line":98,"column":43}},"48":{"start":{"line":99,"column":12},"end":{"line":101,"column":13}},"49":{"start":{"line":100,"column":16},"end":{"line":100,"column":47}},"50":{"start":{"line":102,"column":12},"end":{"line":102,"column":25}},"51":{"start":{"line":106,"column":4},"end":{"line":106,"column":57}},"52":{"start":{"line":110,"column":20},"end":{"line":110,"column":45}},"53":{"start":{"line":111,"column":18},"end":{"line":111,"column":37}},"54":{"start":{"line":113,"column":4},"end":{"line":140,"column":5}},"55":{"start":{"line":115,"column":20},"end":{"line":115,"column":28}},"56":{"start":{"line":118,"column":8},"end":{"line":139,"column":9}},"57":{"start":{"line":119,"column":12},"end":{"line":119,"column":24}},"58":{"start":{"line":122,"column":29},"end":{"line":122,"column":43}},"59":{"start":{"line":124,"column":12},"end":{"line":124,"column":50}},"60":{"start":{"line":124,"column":38},"end":{"line":124,"column":50}},"61":{"start":{"line":126,"column":29},"end":{"line":126,"column":40}},"62":{"start":{"line":128,"column":27},"end":{"line":128,"column":51}},"63":{"start":{"line":130,"column":12},"end":{"line":133,"column":13}},"64":{"start":{"line":131,"column":16},"end":{"line":131,"column":58}},"65":{"start":{"line":132,"column":16},"end":{"line":132,"column":41}},"66":{"start":{"line":135,"column":38},"end":{"line":135,"column":71}},"67":{"start":{"line":137,"column":27},"end":{"line":137,"column":60}},"68":{"start":{"line":138,"column":12},"end":{"line":138,"column":45}},"69":{"start":{"line":141,"column":4},"end":{"line":141,"column":null}},"70":{"start":{"line":145,"column":4},"end":{"line":145,"column":29}},"71":{"start":{"line":147,"column":27},"end":{"line":147,"column":67}},"72":{"start":{"line":149,"column":23},"end":{"line":149,"column":52}},"73":{"start":{"line":151,"column":4},"end":{"line":160,"column":5}},"74":{"start":{"line":152,"column":8},"end":{"line":152,"column":53}},"75":{"start":{"line":153,"column":8},"end":{"line":153,"column":23}},"76":{"start":{"line":155,"column":8},"end":{"line":157,"column":47}},"77":{"start":{"line":158,"column":11},"end":{"line":160,"column":5}},"78":{"start":{"line":159,"column":8},"end":{"line":159,"column":64}},"79":{"start":{"line":162,"column":4},"end":{"line":164,"column":5}},"80":{"start":{"line":163,"column":8},"end":{"line":163,"column":91}},"81":{"start":{"line":166,"column":4},"end":{"line":168,"column":5}},"82":{"start":{"line":167,"column":8},"end":{"line":167,"column":66}},"83":{"start":{"line":167,"column":40},"end":{"line":167,"column":64}},"84":{"start":{"line":170,"column":4},"end":{"line":172,"column":5}},"85":{"start":{"line":171,"column":6},"end":{"line":171,"column":120}},"86":{"start":{"line":174,"column":4},"end":{"line":174,"column":20}},"87":{"start":{"line":178,"column":4},"end":{"line":178,"column":66}},"88":{"start":{"line":182,"column":4},"end":{"line":182,"column":44}},"89":{"start":{"line":187,"column":4},"end":{"line":187,"column":59}},"90":{"start":{"line":191,"column":23},"end":{"line":191,"column":55}},"91":{"start":{"line":191,"column":39},"end":{"line":191,"column":54}},"92":{"start":{"line":192,"column":4},"end":{"line":201,"column":5}},"93":{"start":{"line":193,"column":8},"end":{"line":197,"column":10}},"94":{"start":{"line":198,"column":8},"end":{"line":198,"column":33}},"95":{"start":{"line":199,"column":11},"end":{"line":201,"column":5}},"96":{"start":{"line":200,"column":8},"end":{"line":200,"column":57}},"97":{"start":{"line":202,"column":4},"end":{"line":202,"column":24}},"98":{"start":{"line":206,"column":18},"end":{"line":206,"column":79}},"99":{"start":{"line":208,"column":4},"end":{"line":247,"column":5}},"100":{"start":{"line":210,"column":29},"end":{"line":210,"column":41}},"101":{"start":{"line":211,"column":38},"end":{"line":211,"column":59}},"102":{"start":{"line":214,"column":40},"end":{"line":214,"column":72}},"103":{"start":{"line":215,"column":8},"end":{"line":215,"column":47}},"104":{"start":{"line":216,"column":8},"end":{"line":216,"column":49}},"105":{"start":{"line":218,"column":8},"end":{"line":220,"column":9}},"106":{"start":{"line":219,"column":12},"end":{"line":219,"column":null}},"107":{"start":{"line":222,"column":28},"end":{"line":222,"column":78}},"108":{"start":{"line":222,"column":51},"end":{"line":222,"column":77}},"109":{"start":{"line":224,"column":8},"end":{"line":240,"column":9}},"110":{"start":{"line":225,"column":12},"end":{"line":225,"column":89}},"111":{"start":{"line":227,"column":12},"end":{"line":235,"column":14}},"112":{"start":{"line":237,"column":12},"end":{"line":237,"column":89}},"113":{"start":{"line":239,"column":12},"end":{"line":239,"column":42}},"114":{"start":{"line":242,"column":8},"end":{"line":246,"column":9}},"115":{"start":{"line":243,"column":12},"end":{"line":243,"column":83}},"116":{"start":{"line":245,"column":12},"end":{"line":245,"column":63}},"117":{"start":{"line":248,"column":4},"end":{"line":248,"column":16}},"118":{"start":{"line":253,"column":23},"end":{"line":253,"column":60}},"119":{"start":{"line":255,"column":60},"end":{"line":260,"column":6}},"120":{"start":{"line":262,"column":18},"end":{"line":262,"column":81}},"121":{"start":{"line":264,"column":4},"end":{"line":275,"column":5}},"122":{"start":{"line":265,"column":8},"end":{"line":265,"column":52}},"123":{"start":{"line":266,"column":8},"end":{"line":266,"column":44}},"124":{"start":{"line":269,"column":8},"end":{"line":272,"column":9}},"125":{"start":{"line":270,"column":29},"end":{"line":270,"column":82}},"126":{"start":{"line":271,"column":12},"end":{"line":271,"column":52}},"127":{"start":{"line":274,"column":8},"end":{"line":274,"column":44}},"128":{"start":{"line":277,"column":20},"end":{"line":277,"column":59}},"129":{"start":{"line":279,"column":4},"end":{"line":281,"column":5}},"130":{"start":{"line":280,"column":8},"end":{"line":280,"column":41}},"131":{"start":{"line":282,"column":4},"end":{"line":282,"column":16}},"132":{"start":{"line":286,"column":4},"end":{"line":286,"column":122}},"133":{"start":{"line":287,"column":4},"end":{"line":287,"column":16}}},"fnMap":{"0":{"name":"processMarkdown","decl":{"start":{"line":8,"column":30},"end":{"line":8,"column":45}},"loc":{"start":{"line":8,"column":114},"end":{"line":40,"column":1}}},"1":{"name":"convertObsidianLinks","decl":{"start":{"line":42,"column":15},"end":{"line":42,"column":35}},"loc":{"start":{"line":42,"column":48},"end":{"line":54,"column":1}}},"2":{"name":"(anonymous_2)","decl":{"start":{"line":56,"column":28},"end":{"line":56,"column":29}},"loc":{"start":{"line":56,"column":57},"end":{"line":65,"column":1}}},"3":{"name":"(anonymous_3)","decl":{"start":{"line":68,"column":26},"end":{"line":68,"column":27}},"loc":{"start":{"line":68,"column":152},"end":{"line":107,"column":1}}},"4":{"name":"checkForLinks","decl":{"start":{"line":109,"column":9},"end":{"line":109,"column":22}},"loc":{"start":{"line":109,"column":35},"end":{"line":142,"column":1}}},"5":{"name":"processUrlParts","decl":{"start":{"line":144,"column":9},"end":{"line":144,"column":24}},"loc":{"start":{"line":144,"column":60},"end":{"line":175,"column":1}}},"6":{"name":"(anonymous_6)","decl":{"start":{"line":167,"column":32},"end":{"line":167,"column":36}},"loc":{"start":{"line":167,"column":40},"end":{"line":167,"column":64}}},"7":{"name":"isBlogFolder","decl":{"start":{"line":177,"column":9},"end":{"line":177,"column":21}},"loc":{"start":{"line":177,"column":40},"end":{"line":179,"column":1}}},"8":{"name":"removeBlogSuffix","decl":{"start":{"line":181,"column":9},"end":{"line":181,"column":25}},"loc":{"start":{"line":181,"column":44},"end":{"line":183,"column":1}}},"9":{"name":"removeNumberPrefix","decl":{"start":{"line":185,"column":9},"end":{"line":185,"column":27}},"loc":{"start":{"line":185,"column":39},"end":{"line":188,"column":1}}},"10":{"name":"getOrCreateSize","decl":{"start":{"line":190,"column":9},"end":{"line":190,"column":24}},"loc":{"start":{"line":190,"column":79},"end":{"line":203,"column":1}}},"11":{"name":"(anonymous_11)","decl":{"start":{"line":191,"column":34},"end":{"line":191,"column":35}},"loc":{"start":{"line":191,"column":39},"end":{"line":191,"column":54}}},"12":{"name":"checkForAssets","decl":{"start":{"line":205,"column":9},"end":{"line":205,"column":23}},"loc":{"start":{"line":205,"column":83},"end":{"line":249,"column":1}}},"13":{"name":"(anonymous_13)","decl":{"start":{"line":222,"column":43},"end":{"line":222,"column":47}},"loc":{"start":{"line":222,"column":51},"end":{"line":222,"column":77}}},"14":{"name":"processImage","decl":{"start":{"line":252,"column":9},"end":{"line":252,"column":21}},"loc":{"start":{"line":252,"column":107},"end":{"line":283,"column":1}}},"15":{"name":"processAsset","decl":{"start":{"line":285,"column":9},"end":{"line":285,"column":21}},"loc":{"start":{"line":285,"column":75},"end":{"line":288,"column":1}}}},"branchMap":{"0":{"loc":{"start":{"line":47,"column":4},"end":{"line":53,"column":5}},"type":"if","locations":[{"start":{"line":47,"column":4},"end":{"line":53,"column":5}},{"start":{"line":51,"column":11},"end":{"line":53,"column":5}}]},"1":{"loc":{"start":{"line":58,"column":4},"end":{"line":58,"column":63}},"type":"if","locations":[{"start":{"line":58,"column":4},"end":{"line":58,"column":63}}]},"2":{"loc":{"start":{"line":61,"column":14},"end":{"line":61,"column":38}},"type":"binary-expr","locations":[{"start":{"line":61,"column":14},"end":{"line":61,"column":32}},{"start":{"line":61,"column":36},"end":{"line":61,"column":38}}]},"3":{"loc":{"start":{"line":61,"column":14},"end":{"line":61,"column":32}},"type":"cond-expr","locations":[{"start":{"line":61,"column":26},"end":{"line":61,"column":28}},{"start":{"line":61,"column":26},"end":{"line":61,"column":32}}]},"4":{"loc":{"start":{"line":61,"column":14},"end":{"line":61,"column":28}},"type":"binary-expr","locations":[{"start":{"line":61,"column":14},"end":{"line":61,"column":28}},{"start":{"line":61,"column":26},"end":{"line":61,"column":28}}]},"5":{"loc":{"start":{"line":62,"column":15},"end":{"line":62,"column":48}},"type":"binary-expr","locations":[{"start":{"line":62,"column":15},"end":{"line":62,"column":42}},{"start":{"line":62,"column":46},"end":{"line":62,"column":48}}]},"6":{"loc":{"start":{"line":62,"column":15},"end":{"line":62,"column":42}},"type":"cond-expr","locations":[{"start":{"line":62,"column":34},"end":{"line":62,"column":36}},{"start":{"line":62,"column":34},"end":{"line":62,"column":42}}]},"7":{"loc":{"start":{"line":62,"column":15},"end":{"line":62,"column":36}},"type":"binary-expr","locations":[{"start":{"line":62,"column":15},"end":{"line":62,"column":36}},{"start":{"line":62,"column":34},"end":{"line":62,"column":36}}]},"8":{"loc":{"start":{"line":62,"column":15},"end":{"line":62,"column":34}},"type":"cond-expr","locations":[{"start":{"line":62,"column":27},"end":{"line":62,"column":29}},{"start":{"line":62,"column":27},"end":{"line":62,"column":34}}]},"9":{"loc":{"start":{"line":62,"column":15},"end":{"line":62,"column":29}},"type":"binary-expr","locations":[{"start":{"line":62,"column":15},"end":{"line":62,"column":29}},{"start":{"line":62,"column":27},"end":{"line":62,"column":29}}]},"10":{"loc":{"start":{"line":70,"column":4},"end":{"line":72,"column":5}},"type":"if","locations":[{"start":{"line":70,"column":4},"end":{"line":72,"column":5}}]},"11":{"loc":{"start":{"line":70,"column":8},"end":{"line":70,"column":37}},"type":"binary-expr","locations":[{"start":{"line":70,"column":8},"end":{"line":70,"column":23}},{"start":{"line":70,"column":27},"end":{"line":70,"column":37}}]},"12":{"loc":{"start":{"line":75,"column":4},"end":{"line":104,"column":5}},"type":"if","locations":[{"start":{"line":75,"column":4},"end":{"line":104,"column":5}},{"start":{"line":84,"column":11},"end":{"line":104,"column":5}}]},"13":{"loc":{"start":{"line":76,"column":8},"end":{"line":83,"column":9}},"type":"if","locations":[{"start":{"line":76,"column":8},"end":{"line":83,"column":9}},{"start":{"line":80,"column":15},"end":{"line":83,"column":9}}]},"14":{"loc":{"start":{"line":84,"column":11},"end":{"line":104,"column":5}},"type":"if","locations":[{"start":{"line":84,"column":11},"end":{"line":104,"column":5}},{"start":{"line":90,"column":11},"end":{"line":104,"column":5}}]},"15":{"loc":{"start":{"line":85,"column":8},"end":{"line":89,"column":9}},"type":"if","locations":[{"start":{"line":85,"column":8},"end":{"line":89,"column":9}}]},"16":{"loc":{"start":{"line":90,"column":11},"end":{"line":104,"column":5}},"type":"if","locations":[{"start":{"line":90,"column":11},"end":{"line":104,"column":5}}]},"17":{"loc":{"start":{"line":91,"column":8},"end":{"line":103,"column":9}},"type":"if","locations":[{"start":{"line":91,"column":8},"end":{"line":103,"column":9}},{"start":{"line":95,"column":15},"end":{"line":103,"column":9}}]},"18":{"loc":{"start":{"line":99,"column":12},"end":{"line":101,"column":13}},"type":"if","locations":[{"start":{"line":99,"column":12},"end":{"line":101,"column":13}}]},"19":{"loc":{"start":{"line":113,"column":4},"end":{"line":140,"column":5}},"type":"if","locations":[{"start":{"line":113,"column":4},"end":{"line":140,"column":5}}]},"20":{"loc":{"start":{"line":118,"column":8},"end":{"line":139,"column":9}},"type":"if","locations":[{"start":{"line":118,"column":8},"end":{"line":139,"column":9}},{"start":{"line":121,"column":15},"end":{"line":139,"column":9}}]},"21":{"loc":{"start":{"line":124,"column":12},"end":{"line":124,"column":50}},"type":"if","locations":[{"start":{"line":124,"column":12},"end":{"line":124,"column":50}}]},"22":{"loc":{"start":{"line":130,"column":12},"end":{"line":133,"column":13}},"type":"if","locations":[{"start":{"line":130,"column":12},"end":{"line":133,"column":13}}]},"23":{"loc":{"start":{"line":151,"column":4},"end":{"line":160,"column":5}},"type":"if","locations":[{"start":{"line":151,"column":4},"end":{"line":160,"column":5}},{"start":{"line":158,"column":11},"end":{"line":160,"column":5}}]},"24":{"loc":{"start":{"line":155,"column":40},"end":{"line":157,"column":46}},"type":"cond-expr","locations":[{"start":{"line":156,"column":14},"end":{"line":156,"column":47}},{"start":{"line":157,"column":14},"end":{"line":157,"column":46}}]},"25":{"loc":{"start":{"line":158,"column":11},"end":{"line":160,"column":5}},"type":"if","locations":[{"start":{"line":158,"column":11},"end":{"line":160,"column":5}}]},"26":{"loc":{"start":{"line":162,"column":4},"end":{"line":164,"column":5}},"type":"if","locations":[{"start":{"line":162,"column":4},"end":{"line":164,"column":5}}]},"27":{"loc":{"start":{"line":166,"column":4},"end":{"line":168,"column":5}},"type":"if","locations":[{"start":{"line":166,"column":4},"end":{"line":168,"column":5}}]},"28":{"loc":{"start":{"line":170,"column":4},"end":{"line":172,"column":5}},"type":"if","locations":[{"start":{"line":170,"column":4},"end":{"line":172,"column":5}}]},"29":{"loc":{"start":{"line":178,"column":11},"end":{"line":178,"column":65}},"type":"binary-expr","locations":[{"start":{"line":178,"column":11},"end":{"line":178,"column":32}},{"start":{"line":178,"column":36},"end":{"line":178,"column":65}}]},"30":{"loc":{"start":{"line":192,"column":4},"end":{"line":201,"column":5}},"type":"if","locations":[{"start":{"line":192,"column":4},"end":{"line":201,"column":5}},{"start":{"line":199,"column":11},"end":{"line":201,"column":5}}]},"31":{"loc":{"start":{"line":199,"column":11},"end":{"line":201,"column":5}},"type":"if","locations":[{"start":{"line":199,"column":11},"end":{"line":201,"column":5}}]},"32":{"loc":{"start":{"line":208,"column":4},"end":{"line":247,"column":5}},"type":"if","locations":[{"start":{"line":208,"column":4},"end":{"line":247,"column":5}}]},"33":{"loc":{"start":{"line":208,"column":8},"end":{"line":208,"column":29}},"type":"binary-expr","locations":[{"start":{"line":208,"column":8},"end":{"line":208,"column":13}},{"start":{"line":208,"column":17},"end":{"line":208,"column":29}}]},"34":{"loc":{"start":{"line":218,"column":8},"end":{"line":220,"column":9}},"type":"if","locations":[{"start":{"line":218,"column":8},"end":{"line":220,"column":9}}]},"35":{"loc":{"start":{"line":218,"column":13},"end":{"line":218,"column":25}},"type":"cond-expr","locations":[{"start":{"line":218,"column":17},"end":{"line":218,"column":19}},{"start":{"line":218,"column":13},"end":{"line":218,"column":25}}]},"36":{"loc":{"start":{"line":218,"column":13},"end":{"line":218,"column":19}},"type":"binary-expr","locations":[{"start":{"line":218,"column":13},"end":{"line":218,"column":19}},{"start":{"line":218,"column":13},"end":{"line":218,"column":19}}]},"37":{"loc":{"start":{"line":224,"column":8},"end":{"line":240,"column":9}},"type":"if","locations":[{"start":{"line":224,"column":8},"end":{"line":240,"column":9}},{"start":{"line":226,"column":15},"end":{"line":240,"column":9}}]},"38":{"loc":{"start":{"line":242,"column":8},"end":{"line":246,"column":9}},"type":"if","locations":[{"start":{"line":242,"column":8},"end":{"line":246,"column":9}},{"start":{"line":244,"column":15},"end":{"line":246,"column":9}}]},"39":{"loc":{"start":{"line":253,"column":23},"end":{"line":253,"column":60}},"type":"cond-expr","locations":[{"start":{"line":253,"column":45},"end":{"line":253,"column":47}},{"start":{"line":253,"column":50},"end":{"line":253,"column":60}}]},"40":{"loc":{"start":{"line":264,"column":4},"end":{"line":275,"column":5}},"type":"if","locations":[{"start":{"line":264,"column":4},"end":{"line":275,"column":5}},{"start":{"line":273,"column":11},"end":{"line":275,"column":5}}]},"41":{"loc":{"start":{"line":269,"column":8},"end":{"line":272,"column":9}},"type":"if","locations":[{"start":{"line":269,"column":8},"end":{"line":272,"column":9}}]},"42":{"loc":{"start":{"line":277,"column":20},"end":{"line":277,"column":59}},"type":"cond-expr","locations":[{"start":{"line":277,"column":44},"end":{"line":277,"column":46}},{"start":{"line":277,"column":44},"end":{"line":277,"column":59}}]},"43":{"loc":{"start":{"line":277,"column":20},"end":{"line":277,"column":46}},"type":"binary-expr","locations":[{"start":{"line":277,"column":20},"end":{"line":277,"column":46}},{"start":{"line":277,"column":44},"end":{"line":277,"column":46}}]},"44":{"loc":{"start":{"line":279,"column":4},"end":{"line":281,"column":5}},"type":"if","locations":[{"start":{"line":279,"column":4},"end":{"line":281,"column":5}}]},"45":{"loc":{"start":{"line":279,"column":8},"end":{"line":279,"column":56}},"type":"binary-expr","locations":[{"start":{"line":279,"column":8},"end":{"line":279,"column":15}},{"start":{"line":279,"column":19},"end":{"line":279,"column":56}}]}},"s":{"0":1,"1":1,"2":1,"3":1,"4":12,"5":12,"6":12,"7":12,"8":12,"9":12,"10":12,"11":12,"12":12,"13":21,"14":21,"15":21,"16":21,"17":21,"18":12,"19":21,"20":21,"21":21,"22":1,"23":1,"24":20,"25":1,"26":13,"27":13,"28":9,"29":4,"30":1,"31":21,"32":13,"33":21,"34":8,"35":4,"36":4,"37":4,"38":13,"39":0,"40":0,"41":0,"42":13,"43":4,"44":0,"45":0,"46":4,"47":4,"48":4,"49":3,"50":4,"51":21,"52":21,"53":21,"54":21,"55":8,"56":8,"57":1,"58":7,"59":7,"60":0,"61":7,"62":7,"63":7,"64":0,"65":0,"66":7,"67":7,"68":7,"69":13,"70":7,"71":7,"72":7,"73":7,"74":0,"75":0,"76":0,"77":7,"78":3,"79":7,"80":0,"81":7,"82":7,"83":19,"84":7,"85":1,"86":7,"87":7,"88":0,"89":19,"90":4,"91":0,"92":4,"93":4,"94":4,"95":0,"96":0,"97":4,"98":21,"99":21,"100":4,"101":4,"102":4,"103":4,"104":4,"105":4,"106":3,"107":4,"108":0,"109":4,"110":0,"111":4,"112":4,"113":4,"114":4,"115":4,"116":0,"117":21,"118":4,"119":4,"120":4,"121":4,"122":0,"123":0,"124":0,"125":0,"126":0,"127":4,"128":4,"129":4,"130":4,"131":4,"132":0,"133":0},"f":{"0":12,"1":21,"2":13,"3":21,"4":21,"5":7,"6":19,"7":7,"8":0,"9":19,"10":4,"11":0,"12":21,"13":0,"14":4,"15":0},"b":{"0":[1,20],"1":[9],"2":[4,0],"3":[0,4],"4":[4,4],"5":[4,1],"6":[1,3],"7":[4,4],"8":[0,4],"9":[4,4],"10":[13],"11":[21,13],"12":[8,13],"13":[4,4],"14":[0,13],"15":[0],"16":[4],"17":[0,4],"18":[3],"19":[8],"20":[1,7],"21":[0],"22":[0],"23":[0,7],"24":[0,0],"25":[3],"26":[0],"27":[7],"28":[1],"29":[7,7],"30":[4,0],"31":[0],"32":[4],"33":[21,4],"34":[3],"35":[3,1],"36":[4,4],"37":[0,4],"38":[4,0],"39":[3,1],"40":[0,4],"41":[0],"42":[0,4],"43":[4,4],"44":[4],"45":[4,4]}}
}
