TN:
SF:config.ts
FN:5,setSettings
FNF:1
FNH:1
FNDA:12,setSettings
DA:5,1
DA:6,12
LF:2
LH:2
BRF:0
BRH:0
end_of_record
TN:
SF:src/markdownProcessor.ts
FN:8,processMarkdown
FN:42,convertObsidianLinks
FN:56,(anonymous_2)
FN:68,(anonymous_3)
FN:109,checkForLinks
FN:144,processUrlParts
FN:167,(anonymous_6)
FN:177,isBlogFolder
FN:181,removeBlogSuffix
FN:185,removeNumberPrefix
FN:190,getOrCreateSize
FN:191,(anonymous_11)
FN:205,checkForAssets
FN:222,(anonymous_13)
FN:252,processImage
FN:285,processAsset
FNF:16
FNH:12
FNDA:12,processMarkdown
FNDA:21,convertObsidianLinks
FNDA:13,(anonymous_2)
FNDA:21,(anonymous_3)
FNDA:21,checkForLinks
FNDA:7,processUrlParts
FNDA:19,(anonymous_6)
FNDA:7,isBlogFolder
FNDA:0,removeBlogSuffix
FNDA:19,removeNumberPrefix
FNDA:4,getOrCreateSize
FNDA:0,(anonymous_11)
FNDA:21,checkForAssets
FNDA:0,(anonymous_13)
FNDA:4,processImage
FNDA:0,processAsset
DA:1,1
DA:2,1
DA:5,1
DA:8,1
DA:10,12
DA:11,12
DA:12,12
DA:15,12
DA:22,12
DA:23,12
DA:24,12
DA:27,12
DA:29,21
DA:30,21
DA:31,21
DA:32,21
DA:35,21
DA:39,12
DA:44,21
DA:45,21
DA:47,21
DA:48,1
DA:49,1
DA:52,20
DA:56,1
DA:57,13
DA:58,13
DA:60,4
DA:68,1
DA:70,21
DA:71,13
DA:75,21
DA:76,8
DA:78,4
DA:79,4
DA:82,4
DA:84,13
DA:85,0
DA:87,0
DA:88,0
DA:90,13
DA:91,4
DA:93,0
DA:94,0
DA:97,4
DA:98,4
DA:99,4
DA:100,3
DA:102,4
DA:106,21
DA:110,21
DA:111,21
DA:113,21
DA:115,8
DA:118,8
DA:119,1
DA:122,7
DA:124,7
DA:126,7
DA:128,7
DA:130,7
DA:131,0
DA:132,0
DA:135,7
DA:137,7
DA:138,7
DA:141,13
DA:145,7
DA:147,7
DA:149,7
DA:151,7
DA:152,0
DA:153,0
DA:155,0
DA:158,7
DA:159,3
DA:162,7
DA:163,0
DA:166,7
DA:167,19
DA:170,7
DA:171,1
DA:174,7
DA:178,7
DA:182,0
DA:187,19
DA:191,4
DA:192,4
DA:193,4
DA:198,4
DA:199,0
DA:200,0
DA:202,4
DA:206,21
DA:208,21
DA:210,4
DA:211,4
DA:214,4
DA:215,4
DA:216,4
DA:218,4
DA:219,3
DA:222,4
DA:224,4
DA:225,0
DA:227,4
DA:237,4
DA:239,4
DA:242,4
DA:243,4
DA:245,0
DA:248,21
DA:253,4
DA:255,4
DA:262,4
DA:264,4
DA:265,0
DA:266,0
DA:269,0
DA:270,0
DA:271,0
DA:274,4
DA:277,4
DA:279,4
DA:280,4
DA:282,4
DA:286,0
DA:287,0
LF:128
LH:105
BRDA:47,0,0,1
BRDA:47,0,1,20
BRDA:58,1,0,9
BRDA:61,2,0,4
BRDA:61,2,1,0
BRDA:61,3,0,0
BRDA:61,3,1,4
BRDA:61,4,0,4
BRDA:61,4,1,4
BRDA:62,5,0,4
BRDA:62,5,1,1
BRDA:62,6,0,1
BRDA:62,6,1,3
BRDA:62,7,0,4
BRDA:62,7,1,4
BRDA:62,8,0,0
BRDA:62,8,1,4
BRDA:62,9,0,4
BRDA:62,9,1,4
BRDA:70,10,0,13
BRDA:70,11,0,21
BRDA:70,11,1,13
BRDA:75,12,0,8
BRDA:75,12,1,13
BRDA:76,13,0,4
BRDA:76,13,1,4
BRDA:84,14,0,0
BRDA:84,14,1,13
BRDA:85,15,0,0
BRDA:90,16,0,4
BRDA:91,17,0,0
BRDA:91,17,1,4
BRDA:99,18,0,3
BRDA:113,19,0,8
BRDA:118,20,0,1
BRDA:118,20,1,7
BRDA:124,21,0,0
BRDA:130,22,0,0
BRDA:151,23,0,0
BRDA:151,23,1,7
BRDA:155,24,0,0
BRDA:155,24,1,0
BRDA:158,25,0,3
BRDA:162,26,0,0
BRDA:166,27,0,7
BRDA:170,28,0,1
BRDA:178,29,0,7
BRDA:178,29,1,7
BRDA:192,30,0,4
BRDA:192,30,1,0
BRDA:199,31,0,0
BRDA:208,32,0,4
BRDA:208,33,0,21
BRDA:208,33,1,4
BRDA:218,34,0,3
BRDA:218,35,0,3
BRDA:218,35,1,1
BRDA:218,36,0,4
BRDA:218,36,1,4
BRDA:224,37,0,0
BRDA:224,37,1,4
BRDA:242,38,0,4
BRDA:242,38,1,0
BRDA:253,39,0,3
BRDA:253,39,1,1
BRDA:264,40,0,0
BRDA:264,40,1,4
BRDA:269,41,0,0
BRDA:277,42,0,0
BRDA:277,42,1,4
BRDA:277,43,0,4
BRDA:277,43,1,4
BRDA:279,44,0,4
BRDA:279,45,0,4
BRDA:279,45,1,4
BRF:75
BRH:56
end_of_record
